<?xml version="1.0" encoding="UTF-8"?>
<!-- Generated by org.testng.reporters.JUnitReportReporter -->
<testsuite hostname="jmrinhr1883" name="com.jmr.testsuite.fas.action.st.CustomerMaintenance_STDCIF_Test" tests="1" failures="0" timestamp="5 Aug 2019 05:52:06 GMT" time="122.517" errors="0">
  <testcase name="executeTestCase" time="122.517" classname="com.jmr.testsuite.fas.action.st.CustomerMaintenance_STDCIF_Test"/>
</testsuite> <!-- com.jmr.testsuite.fas.action.st.CustomerMaintenance_STDCIF_Test -->
