<?xml version="1.0" encoding="UTF-8"?>
<!-- Generated by org.testng.reporters.JUnitReportReporter -->
<testsuite hostname="jmrinhr1883" name="com.jmr.testsuite.fas.action.st.STDAMBLK_Test" tests="1" failures="0" timestamp="6 Aug 2019 10:25:25 GMT" time="60.322" errors="0">
  <testcase name="executeTestCase" time="60.322" classname="com.jmr.testsuite.fas.action.st.STDAMBLK_Test"/>
</testsuite> <!-- com.jmr.testsuite.fas.action.st.STDAMBLK_Test -->
