<?xml version="1.0" encoding="UTF-8"?>
<!-- Generated by org.testng.reporters.JUnitReportReporter -->
<testsuite hostname="jmrinhr1883" name="com.jmr.testsuite.fas.action.cl.CLDACCVM_Test" tests="1" failures="0" timestamp="12 Nov 2019 10:39:47 GMT" time="11.417" errors="0">
  <testcase name="executeTestCase" time="11.417" classname="com.jmr.testsuite.fas.action.cl.CLDACCVM_Test"/>
</testsuite> <!-- com.jmr.testsuite.fas.action.cl.CLDACCVM_Test -->
