<?xml version="1.0" encoding="UTF-8"?>
<!-- Generated by org.testng.reporters.JUnitReportReporter -->
<testsuite hostname="jmrinhr1883" name="com.jmr.testsuite.fas.action.st.STDACSTC_Test" tests="1" failures="0" timestamp="26 Nov 2019 12:38:30 GMT" time="32.545" errors="0">
  <testcase name="executeTestCase" time="32.545" classname="com.jmr.testsuite.fas.action.st.STDACSTC_Test"/>
</testsuite> <!-- com.jmr.testsuite.fas.action.st.STDACSTC_Test -->
