<?xml version="1.0" encoding="UTF-8"?>
<!-- Generated by org.testng.reporters.JUnitReportReporter -->
<testsuite hostname="jmrinhr1883" name="com.jmr.testsuite.fas.action.de.DESTRONL_Test" tests="1" failures="0" timestamp="13 Aug 2019 05:30:48 GMT" time="65.223" errors="0">
  <testcase name="executeTestCase" time="65.223" classname="com.jmr.testsuite.fas.action.de.DESTRONL_Test"/>
</testsuite> <!-- com.jmr.testsuite.fas.action.de.DESTRONL_Test -->
