<?xml version="1.0" encoding="UTF-8"?>
<!-- Generated by org.testng.reporters.JUnitReportReporter -->
<testsuite hostname="jmrinhr1883" name="com.jmr.testsuite.fas.action.fx.FXDTRONL_Test" tests="1" failures="0" timestamp="26 Nov 2019 06:10:17 GMT" time="1168.263" errors="0">
  <testcase name="executeTestCase" time="1168.263" classname="com.jmr.testsuite.fas.action.fx.FXDTRONL_Test"/>
</testsuite> <!-- com.jmr.testsuite.fas.action.fx.FXDTRONL_Test -->
