<?xml version="1.0" encoding="UTF-8"?>
<!-- Generated by org.testng.reporters.JUnitReportReporter -->
<testsuite hostname="jmrinhr1883" name="com.jmr.testsuite.fas.action.cl.CLSACCVM_Test" tests="1" failures="0" timestamp="14 Nov 2019 05:14:42 GMT" time="313.188" errors="0">
  <testcase name="executeTestCase" time="313.188" classname="com.jmr.testsuite.fas.action.cl.CLSACCVM_Test"/>
</testsuite> <!-- com.jmr.testsuite.fas.action.cl.CLSACCVM_Test -->
