<?xml version="1.0" encoding="UTF-8"?>
<!-- Generated by org.testng.reporters.JUnitReportReporter -->
<testsuite hostname="jmrinhr1883" name="com.jmr.testsuite.sujeet.action.GEDCOLLTTest" tests="1" failures="0" timestamp="4 Sep 2019 08:36:40 GMT" time="44.210" errors="0">
  <testcase name="executeTestCase" time="44.210" classname="com.jmr.testsuite.sujeet.action.GEDCOLLTTest"/>
</testsuite> <!-- com.jmr.testsuite.sujeet.action.GEDCOLLTTest -->
