<?xml version="1.0" encoding="UTF-8"?>
<!-- Generated by org.testng.reporters.JUnitReportReporter -->
<testsuite hostname="jmrinhr1883" name="com.jmr.testsuite.fas.action.ft.FTDTRONL_Test" tests="1" failures="0" timestamp="17 Dec 2019 07:30:35 GMT" time="116.670" errors="0">
  <testcase name="executeTestCase" time="116.670" classname="com.jmr.testsuite.fas.action.ft.FTDTRONL_Test"/>
</testsuite> <!-- com.jmr.testsuite.fas.action.ft.FTDTRONL_Test -->
