<?xml version="1.0" encoding="UTF-8"?>
<!-- Generated by org.testng.reporters.JUnitReportReporter -->
<testsuite hostname="jmrinhr1883" name="com.jmr.testsuite.sujeet.action.LCDTRONLTest" tests="1" failures="0" timestamp="3 Sep 2019 12:05:41 GMT" time="61.761" errors="0">
  <testcase name="executeTestCase" time="61.761" classname="com.jmr.testsuite.sujeet.action.LCDTRONLTest"/>
</testsuite> <!-- com.jmr.testsuite.sujeet.action.LCDTRONLTest -->
