<?xml version="1.0" encoding="UTF-8"?>
<!-- Generated by org.testng.reporters.JUnitReportReporter -->
<testsuite hostname="jmrinhr1883" name="com.jmr.testsuite.fas.action.ic.ICSUDVAL_Test" tests="1" failures="0" timestamp="8 Aug 2019 06:00:51 GMT" time="128.978" errors="0">
  <testcase name="executeTestCase" time="128.978" classname="com.jmr.testsuite.fas.action.ic.ICSUDVAL_Test"/>
</testsuite> <!-- com.jmr.testsuite.fas.action.ic.ICSUDVAL_Test -->
