<?xml version="1.0" encoding="UTF-8"?>
<!-- Generated by org.testng.reporters.JUnitReportReporter -->
<testsuite hostname="jmrinhr1883" name="com.jmr.testsuite.fas.action.cf.CFDFLTRI_Test" tests="1" failures="0" timestamp="11 Nov 2019 06:07:58 GMT" time="19.409" errors="0">
  <testcase name="executeTestCase" time="19.409" classname="com.jmr.testsuite.fas.action.cf.CFDFLTRI_Test"/>
</testsuite> <!-- com.jmr.testsuite.fas.action.cf.CFDFLTRI_Test -->
