<?xml version="1.0" encoding="UTF-8"?>
<!-- Generated by org.testng.reporters.JUnitReportReporter -->
<testsuite hostname="jmrinhr1883" name="com.jmr.testsuite.fas.action.pc.PCSTEXSQ_Test" tests="1" failures="0" timestamp="7 Aug 2019 08:37:20 GMT" time="78.546" errors="0">
  <testcase name="executeTestCase" time="78.546" classname="com.jmr.testsuite.fas.action.pc.PCSTEXSQ_Test"/>
</testsuite> <!-- com.jmr.testsuite.fas.action.pc.PCSTEXSQ_Test -->
