<?xml version="1.0" encoding="UTF-8"?>
<!-- Generated by org.testng.reporters.JUnitReportReporter -->
<testsuite hostname="jmrinhr1883" name="com.jmr.testsuite.fas.action.ic.ICSLIQAC_Test" tests="1" failures="0" timestamp="8 Aug 2019 06:25:38 GMT" time="100.446" errors="0">
  <testcase name="executeTestCase" time="100.446" classname="com.jmr.testsuite.fas.action.ic.ICSLIQAC_Test"/>
</testsuite> <!-- com.jmr.testsuite.fas.action.ic.ICSLIQAC_Test -->
