<?xml version="1.0" encoding="UTF-8"?>
<!-- Generated by org.testng.reporters.JUnitReportReporter -->
<testsuite hostname="jmrinhr1883" name="com.jmr.testsuite.fas.action.lc.LCSTRONL_Test" tests="1" failures="0" timestamp="13 Aug 2019 09:48:18 GMT" time="37.319" errors="0">
  <testcase name="executeTestCase" time="37.319" classname="com.jmr.testsuite.fas.action.lc.LCSTRONL_Test"/>
</testsuite> <!-- com.jmr.testsuite.fas.action.lc.LCSTRONL_Test -->
