<?xml version="1.0" encoding="UTF-8"?>
<!-- Generated by org.testng.reporters.JUnitReportReporter -->
<testsuite hostname="jmrinhr1883" name="com.jmr.testsuite.fas.action.cl.CLDACSTCTest" tests="1" failures="0" timestamp="13 Nov 2019 13:01:57 GMT" time="66.385" errors="0">
  <testcase name="executeTestCase" time="66.385" classname="com.jmr.testsuite.fas.action.cl.CLDACSTCTest"/>
</testsuite> <!-- com.jmr.testsuite.fas.action.cl.CLDACSTCTest -->
