<?xml version="1.0" encoding="UTF-8"?>
<!-- Generated by org.testng.reporters.JUnitReportReporter -->
<testsuite hostname="jmrinhr1883" name="com.jmr.testsuite.fas.action.cl.AccountDetails_CLDACCNT_Test" tests="1" failures="0" timestamp="1 Aug 2019 09:55:38 GMT" time="601.916" errors="0">
  <testcase name="executeTestCase" time="601.916" classname="com.jmr.testsuite.fas.action.cl.AccountDetails_CLDACCNT_Test"/>
</testsuite> <!-- com.jmr.testsuite.fas.action.cl.AccountDetails_CLDACCNT_Test -->
