<?xml version="1.0" encoding="UTF-8"?>
<!-- Generated by org.testng.reporters.JUnitReportReporter -->
<testsuite hostname="jmrinhr1883" name="com.jmr.testsuite.fas.action.de.DESPRMNT_Test" tests="1" failures="0" timestamp="13 Aug 2019 04:59:15 GMT" time="52.239" errors="0">
  <testcase name="executeTestCase" time="52.239" classname="com.jmr.testsuite.fas.action.de.DESPRMNT_Test"/>
</testsuite> <!-- com.jmr.testsuite.fas.action.de.DESPRMNT_Test -->
