<?xml version="1.0" encoding="UTF-8"?>
<!-- Generated by org.testng.reporters.JUnitReportReporter -->
<testsuite hostname="jmrinhr1883" name="com.jmr.testsuite.fas.action.cl.CLSADOCH_Test" tests="1" failures="0" timestamp="14 Nov 2019 07:33:06 GMT" time="201.275" errors="0">
  <testcase name="executeTestCase" time="201.275" classname="com.jmr.testsuite.fas.action.cl.CLSADOCH_Test"/>
</testsuite> <!-- com.jmr.testsuite.fas.action.cl.CLSADOCH_Test -->
