<?xml version="1.0" encoding="UTF-8"?>
<!-- Generated by org.testng.reporters.JUnitReportReporter -->
<testsuite hostname="jmrinhr1883" name="com.jmr.testsuite.fas.action.cf.CFSFLTRI_Test" tests="1" failures="0" timestamp="8 Aug 2019 07:29:15 GMT" time="112.706" errors="0">
  <testcase name="executeTestCase" time="112.706" classname="com.jmr.testsuite.fas.action.cf.CFSFLTRI_Test"/>
</testsuite> <!-- com.jmr.testsuite.fas.action.cf.CFSFLTRI_Test -->
