<?xml version="1.0" encoding="UTF-8"?>
<!-- Generated by org.testng.reporters.JUnitReportReporter -->
<testsuite hostname="jmrinhr1883" name="com.jmr.testsuite.fas.action.sms.SMSJOBBR_Test" tests="1" failures="0" timestamp="7 Aug 2019 13:03:21 GMT" time="57.428" errors="0">
  <testcase name="executeTestCase" time="57.428" classname="com.jmr.testsuite.fas.action.sms.SMSJOBBR_Test"/>
</testsuite> <!-- com.jmr.testsuite.fas.action.sms.SMSJOBBR_Test -->
