<?xml version="1.0" encoding="UTF-8"?>
<!-- Generated by org.testng.reporters.JUnitReportReporter -->
<testsuite hostname="jmrinhr1883" name="com.jmr.testsuite.fas.action.cl.PaymentSumm_CLSPYMNT_Test" tests="1" failures="0" timestamp="6 Aug 2019 06:34:38 GMT" time="33.362" errors="0">
  <testcase name="executeTestCase" time="33.362" classname="com.jmr.testsuite.fas.action.cl.PaymentSumm_CLSPYMNT_Test"/>
</testsuite> <!-- com.jmr.testsuite.fas.action.cl.PaymentSumm_CLSPYMNT_Test -->
