<?xml version="1.0" encoding="UTF-8"?>
<!-- Generated by org.testng.reporters.JUnitReportReporter -->
<testsuite hostname="jmrinhr1883" name="com.jmr.testsuite.fas.action.cl.CLDACAUT_Test" tests="1" failures="0" timestamp="12 Nov 2019 07:21:45 GMT" time="28.151" errors="0">
  <testcase name="executeTestCase" time="28.151" classname="com.jmr.testsuite.fas.action.cl.CLDACAUT_Test"/>
</testsuite> <!-- com.jmr.testsuite.fas.action.cl.CLDACAUT_Test -->
