<?xml version="1.0" encoding="UTF-8"?>
<!-- Generated by org.testng.reporters.JUnitReportReporter -->
<testsuite hostname="jmrinhr1883" name="com.jmr.testsuite.fas.action.st.STSCUSVW_Test" tests="1" failures="0" timestamp="25 Nov 2019 05:57:28 GMT" time="436.195" errors="0">
  <testcase name="executeTestCase" time="436.195" classname="com.jmr.testsuite.fas.action.st.STSCUSVW_Test"/>
</testsuite> <!-- com.jmr.testsuite.fas.action.st.STSCUSVW_Test -->
