<?xml version="1.0" encoding="UTF-8"?>
<!-- Generated by org.testng.reporters.JUnitReportReporter -->
<testsuite hostname="jmrinhr1883" name="com.jmr.testsuite.fas.action.pc.PCSPRXSQ_Test" tests="1" failures="0" timestamp="7 Aug 2019 07:25:42 GMT" time="49.928" errors="0">
  <testcase name="executeTestCase" time="49.928" classname="com.jmr.testsuite.fas.action.pc.PCSPRXSQ_Test"/>
</testsuite> <!-- com.jmr.testsuite.fas.action.pc.PCSPRXSQ_Test -->
