<?xml version="1.0" encoding="UTF-8"?>
<!-- Generated by org.testng.reporters.JUnitReportReporter -->
<testsuite hostname="jmrinhr1883" name="com.jmr.testsuite.fas.action.bc.BCSTRONL_Test" tests="1" failures="0" timestamp="12 Nov 2019 04:56:33 GMT" time="123.688" errors="0">
  <testcase name="executeTestCase" time="123.688" classname="com.jmr.testsuite.fas.action.bc.BCSTRONL_Test"/>
</testsuite> <!-- com.jmr.testsuite.fas.action.bc.BCSTRONL_Test -->
