<?xml version="1.0" encoding="UTF-8"?>
<!-- Generated by org.testng.reporters.JUnitReportReporter -->
<testsuite hostname="jmrinhr2182" name="com.jmr.testsuite.fas.util.ElementCollectorUtil" tests="2" failures="0" timestamp="9 Jul 2019 10:07:36 GMT" time="49.329" errors="0">
  <testcase name="init" time="39.301" classname="com.jmr.testsuite.fas.util.ElementCollectorUtil"/>
  <testcase name="getAllInputElement" time="10.028" classname="com.jmr.testsuite.fas.util.ElementCollectorUtil"/>
</testsuite> <!-- com.jmr.testsuite.fas.util.ElementCollectorUtil -->
