<?xml version="1.0" encoding="UTF-8"?>
<!-- Generated by org.testng.reporters.JUnitReportReporter -->
<testsuite hostname="jmrinhr1883" name="com.jmr.testsuite.fas.action.wb.BookStoreage_7551Test" tests="1" failures="0" timestamp="26 Nov 2019 11:04:56 GMT" time="45.072" errors="0">
  <testcase name="executeTestCase" time="45.072" classname="com.jmr.testsuite.fas.action.wb.BookStoreage_7551Test"/>
</testsuite> <!-- com.jmr.testsuite.fas.action.wb.BookStoreage_7551Test -->
