<?xml version="1.0" encoding="UTF-8"?>
<!-- Generated by org.testng.reporters.JUnitReportReporter -->
<testsuite hostname="jmrinhr1883" name="com.jmr.testsuite.fas.action.cl.CLDMNDSB_Test" tests="1" failures="0" timestamp="12 Nov 2019 08:31:02 GMT" time="397.439" errors="0">
  <testcase name="executeTestCase" time="397.439" classname="com.jmr.testsuite.fas.action.cl.CLDMNDSB_Test"/>
</testsuite> <!-- com.jmr.testsuite.fas.action.cl.CLDMNDSB_Test -->
