<?xml version="1.0" encoding="UTF-8"?>
<!-- Generated by org.testng.reporters.JUnitReportReporter -->
<testsuite hostname="jmrinhr1883" name="com.jmr.testsuite.fas.action.mm.MMSVAMIN_Test" tests="1" failures="0" timestamp="19 Nov 2019 12:54:16 GMT" time="336.212" errors="0">
  <testcase name="executeTestCase" time="336.212" classname="com.jmr.testsuite.fas.action.mm.MMSVAMIN_Test"/>
</testsuite> <!-- com.jmr.testsuite.fas.action.mm.MMSVAMIN_Test -->
