<?xml version="1.0" encoding="UTF-8"?>
<!-- Generated by org.testng.reporters.JUnitReportReporter -->
<testsuite hostname="jmrinhr1883" name="com.jmr.testsuite.fas.action.ic.ICSREDMN_Test" tests="1" failures="0" timestamp="8 Aug 2019 06:40:48 GMT" time="174.825" errors="0">
  <testcase name="executeTestCase" time="174.825" classname="com.jmr.testsuite.fas.action.ic.ICSREDMN_Test"/>
</testsuite> <!-- com.jmr.testsuite.fas.action.ic.ICSREDMN_Test -->
