<?xml version="1.0" encoding="UTF-8"?>
<!-- Generated by org.testng.reporters.JUnitReportReporter -->
<testsuite hostname="jmrinhr1883" name="com.jmr.testsuite.fas.action.cl.CLSCMTMT_Test" tests="1" failures="0" timestamp="14 Nov 2019 06:48:09 GMT" time="329.421" errors="0">
  <testcase name="executeTestCase" time="329.421" classname="com.jmr.testsuite.fas.action.cl.CLSCMTMT_Test"/>
</testsuite> <!-- com.jmr.testsuite.fas.action.cl.CLSCMTMT_Test -->
