<?xml version="1.0" encoding="UTF-8"?>
<!-- Generated by org.testng.reporters.JUnitReportReporter -->
<testsuite hostname="jmrinhr1883" name="com.jmr.testsuite.sujeet.action.DEDJNLONTest" tests="1" failures="0" timestamp="4 Sep 2019 08:47:36 GMT" time="0.003" errors="0">
  <testcase name="executeTestCase" time="0.003" classname="com.jmr.testsuite.sujeet.action.DEDJNLONTest"/>
</testsuite> <!-- com.jmr.testsuite.sujeet.action.DEDJNLONTest -->
