<?xml version="1.0" encoding="UTF-8"?>
<!-- Generated by org.testng.reporters.JUnitReportReporter -->
<testsuite hostname="jmrinhr2182" name="com.jmr.testsuite.fas.TestFile" tests="2" failures="0" timestamp="26 Jul 2019 07:37:19 GMT" time="130.340" errors="0">
  <testcase name="setup" time="50.046" classname="com.jmr.testsuite.fas.TestFile"/>
  <testcase name="destroy" time="80.294" classname="com.jmr.testsuite.fas.TestFile"/>
</testsuite> <!-- com.jmr.testsuite.fas.TestFile -->
