<?xml version="1.0" encoding="UTF-8"?>
<!-- Generated by org.testng.reporters.JUnitReportReporter -->
<testsuite hostname="jmrinhr1883" name="com.jmr.testsuite.fas.action.wb.FXSaleWalIn_8203_Test" tests="1" failures="0" timestamp="18 Nov 2019 10:50:42 GMT" time="68.014" errors="0">
  <testcase name="executeTestCase" time="68.014" classname="com.jmr.testsuite.fas.action.wb.FXSaleWalIn_8203_Test"/>
</testsuite> <!-- com.jmr.testsuite.fas.action.wb.FXSaleWalIn_8203_Test -->
