<?xml version="1.0" encoding="UTF-8"?>
<!-- Generated by org.testng.reporters.JUnitReportReporter -->
<testsuite hostname="jmrinhr1883" name="com.jmr.testsuite.fas.action.wb.FXPurchaseWalkin_8004_Test" tests="1" failures="0" timestamp="27 Dec 2019 06:14:17 GMT" time="244.311" errors="0">
  <testcase name="executeTestCase" time="244.311" classname="com.jmr.testsuite.fas.action.wb.FXPurchaseWalkin_8004_Test"/>
</testsuite> <!-- com.jmr.testsuite.fas.action.wb.FXPurchaseWalkin_8004_Test -->
