<?xml version="1.0" encoding="UTF-8"?>
<!-- Generated by org.testng.reporters.JUnitReportReporter -->
<testsuite hostname="jmrinhr1883" name="com.jmr.testsuite.fas.action.ft.FTSRCST_Test" tests="1" failures="0" timestamp="18 Nov 2019 05:58:52 GMT" time="82.547" errors="0">
  <testcase name="executeTestCase" time="82.547" classname="com.jmr.testsuite.fas.action.ft.FTSRCST_Test"/>
</testsuite> <!-- com.jmr.testsuite.fas.action.ft.FTSRCST_Test -->
