<?xml version="1.0" encoding="UTF-8"?>
<!-- Generated by org.testng.reporters.JUnitReportReporter -->
<testsuite hostname="jmrinhr1883" name="com.jmr.testsuite.fas.action.ft.FTDREAS_Test" tests="1" failures="0" timestamp="28 Nov 2019 07:56:15 GMT" time="42.436" errors="0">
  <testcase name="executeTestCase" time="42.436" classname="com.jmr.testsuite.fas.action.ft.FTDREAS_Test"/>
</testsuite> <!-- com.jmr.testsuite.fas.action.ft.FTDREAS_Test -->
