<?xml version="1.0" encoding="UTF-8"?>
<!-- Generated by org.testng.reporters.JUnitReportReporter -->
<testsuite hostname="jmrinhr1883" name="com.jmr.testsuite.fas.action.wb.MiscelaneousGLCredit_1460Test" tests="1" failures="0" timestamp="27 Nov 2019 05:42:11 GMT" time="119.260" errors="0">
  <testcase name="executeTestCase" time="119.260" classname="com.jmr.testsuite.fas.action.wb.MiscelaneousGLCredit_1460Test"/>
</testsuite> <!-- com.jmr.testsuite.fas.action.wb.MiscelaneousGLCredit_1460Test -->
