<?xml version="1.0" encoding="UTF-8"?>
<!-- Generated by org.testng.reporters.JUnitReportReporter -->
<testsuite hostname="jmrinhr1883" name="com.jmr.testsuite.fas.action.st.STDSTCHN_Test" tests="1" failures="0" timestamp="4 Dec 2019 10:40:10 GMT" time="19.740" errors="0">
  <testcase name="executeTestCase" time="19.740" classname="com.jmr.testsuite.fas.action.st.STDSTCHN_Test"/>
</testsuite> <!-- com.jmr.testsuite.fas.action.st.STDSTCHN_Test -->
