<?xml version="1.0" encoding="UTF-8"?>
<!-- Generated by org.testng.reporters.JUnitReportReporter -->
<testsuite hostname="jmrinhr1883" name="com.jmr.testsuite.fas.action.wb.MiscellaneousCustCrd_1408Test" tests="1" failures="0" timestamp="27 Nov 2019 06:16:43 GMT" time="606.673" errors="0">
  <testcase name="executeTestCase" time="606.673" classname="com.jmr.testsuite.fas.action.wb.MiscellaneousCustCrd_1408Test"/>
</testsuite> <!-- com.jmr.testsuite.fas.action.wb.MiscellaneousCustCrd_1408Test -->
