<?xml version="1.0" encoding="UTF-8"?>
<!-- Generated by org.testng.reporters.JUnitReportReporter -->
<testsuite hostname="jmrinhr1883" name="com.jmr.testsuite.fas.action.de.DEDBATUK_Test" tests="1" failures="0" timestamp="13 Aug 2019 06:59:28 GMT" time="70.229" errors="0">
  <testcase name="executeTestCase" time="70.229" classname="com.jmr.testsuite.fas.action.de.DEDBATUK_Test"/>
</testsuite> <!-- com.jmr.testsuite.fas.action.de.DEDBATUK_Test -->
