<?xml version="1.0" encoding="UTF-8"?>
<!-- Generated by org.testng.reporters.JUnitReportReporter -->
<testsuite hostname="jmrinhr1883" name="com.jmr.testsuite.fas.action.cl.CLDACHTY_Test" tests="1" failures="0" timestamp="13 Nov 2019 13:19:04 GMT" time="29.112" errors="0">
  <testcase name="executeTestCase" time="29.112" classname="com.jmr.testsuite.fas.action.cl.CLDACHTY_Test"/>
</testsuite> <!-- com.jmr.testsuite.fas.action.cl.CLDACHTY_Test -->
