<?xml version="1.0" encoding="UTF-8"?>
<!-- Generated by org.testng.reporters.JUnitReportReporter -->
<testsuite hostname="jmrinhr1883" name="com.jmr.testsuite.fas.action.wb.DenominationExchange_DENM_Test" tests="1" failures="0" timestamp="14 Nov 2019 12:55:47 GMT" time="174.109" errors="0">
  <testcase name="executeTestCase" time="174.109" classname="com.jmr.testsuite.fas.action.wb.DenominationExchange_DENM_Test"/>
</testsuite> <!-- com.jmr.testsuite.fas.action.wb.DenominationExchange_DENM_Test -->
