<?xml version="1.0" encoding="UTF-8"?>
<!-- Generated by org.testng.reporters.JUnitReportReporter -->
<testsuite hostname="jmrinhr1883" name="com.jmr.testsuite.fas.action.cl.ManualRollOver" tests="1" failures="0" timestamp="16 Dec 2019 13:29:33 GMT" time="31.588" errors="0">
  <testcase name="executeTestCase" time="31.588" classname="com.jmr.testsuite.fas.action.cl.ManualRollOver"/>
</testsuite> <!-- com.jmr.testsuite.fas.action.cl.ManualRollOver -->
