<?xml version="1.0" encoding="UTF-8"?>
<!-- Generated by org.testng.reporters.JUnitReportReporter -->
<testsuite hostname="jmrinhr1883" name="com.jmr.testsuite.fas.action.cl.PCSBNKMT_Test" tests="1" failures="0" timestamp="7 Aug 2019 06:12:14 GMT" time="98.907" errors="0">
  <testcase name="executeTestCase" time="98.907" classname="com.jmr.testsuite.fas.action.cl.PCSBNKMT_Test"/>
</testsuite> <!-- com.jmr.testsuite.fas.action.cl.PCSBNKMT_Test -->
