<?xml version="1.0" encoding="UTF-8"?>
<!-- Generated by org.testng.reporters.JUnitReportReporter -->
<testsuite hostname="jmrinhr1883" name="com.jmr.testsuite.fas.action.ft.FTSTRONL_Test" tests="1" failures="0" timestamp="15 Nov 2019 10:35:12 GMT" time="411.500" errors="0">
  <testcase name="executeTestCase" time="411.500" classname="com.jmr.testsuite.fas.action.ft.FTSTRONL_Test"/>
</testsuite> <!-- com.jmr.testsuite.fas.action.ft.FTSTRONL_Test -->
