<?xml version="1.0" encoding="UTF-8"?>
<!-- Generated by org.testng.reporters.JUnitReportReporter -->
<testsuite hostname="jmrinhr1883" name="com.jmr.testsuite.fas.action.st.STDRETVW_Test" tests="1" failures="0" timestamp="26 Nov 2019 12:19:54 GMT" time="13.120" errors="0">
  <testcase name="executeTestCase" time="13.120" classname="com.jmr.testsuite.fas.action.st.STDRETVW_Test"/>
</testsuite> <!-- com.jmr.testsuite.fas.action.st.STDRETVW_Test -->
