<?xml version="1.0" encoding="UTF-8"?>
<!-- Generated by org.testng.reporters.JUnitReportReporter -->
<testsuite hostname="jmrinhr1883" name="com.jmr.testsuite.fas.action.wb.CashWithdrawl_1001Test" tests="1" failures="0" timestamp="29 Nov 2019 09:19:02 GMT" time="0.010" errors="0">
  <testcase name="executeTestCase" time="0.010" classname="com.jmr.testsuite.fas.action.wb.CashWithdrawl_1001Test"/>
</testsuite> <!-- com.jmr.testsuite.fas.action.wb.CashWithdrawl_1001Test -->
