<?xml version="1.0" encoding="UTF-8"?>
<!-- Generated by org.testng.reporters.JUnitReportReporter -->
<testsuite hostname="jmrinhr1883" name="com.jmr.testsuite.fas.action.pc.PCDTRONL_Test" tests="1" failures="0" timestamp="28 Nov 2019 10:56:32 GMT" time="18.234" errors="0">
  <testcase name="executeTestCase" time="18.234" classname="com.jmr.testsuite.fas.action.pc.PCDTRONL_Test"/>
</testsuite> <!-- com.jmr.testsuite.fas.action.pc.PCDTRONL_Test -->
