<?xml version="1.0" encoding="UTF-8"?>
<!-- Generated by org.testng.reporters.JUnitReportReporter -->
<testsuite hostname="jmrinhr1883" name="com.jmr.testsuite.fas.action.st.STSACCLS_Test" tests="1" failures="0" timestamp="27 Nov 2019 10:06:11 GMT" time="40.952" errors="0">
  <testcase name="executeTestCase" time="40.952" classname="com.jmr.testsuite.fas.action.st.STSACCLS_Test"/>
</testsuite> <!-- com.jmr.testsuite.fas.action.st.STSACCLS_Test -->
