<?xml version="1.0" encoding="UTF-8"?>
<!-- Generated by org.testng.reporters.JUnitReportReporter -->
<testsuite hostname="jmrinhr1883" name="com.jmr.testsuite.fas.action.pc.PCSPEXSQ_Test" tests="1" failures="0" timestamp="7 Aug 2019 07:52:58 GMT" time="124.885" errors="0">
  <testcase name="executeTestCase" time="124.885" classname="com.jmr.testsuite.fas.action.pc.PCSPEXSQ_Test"/>
</testsuite> <!-- com.jmr.testsuite.fas.action.pc.PCSPEXSQ_Test -->
