<?xml version="1.0" encoding="UTF-8"?>
<!-- Generated by org.testng.reporters.JUnitReportReporter -->
<testsuite hostname="jmrinhr1883" name="com.jmr.testsuite.fas.action.wb.TillVault_TVQR_Test" tests="1" failures="0" timestamp="18 Nov 2019 09:41:16 GMT" time="10.664" errors="0">
  <testcase name="executeTestCase" time="10.664" classname="com.jmr.testsuite.fas.action.wb.TillVault_TVQR_Test"/>
</testsuite> <!-- com.jmr.testsuite.fas.action.wb.TillVault_TVQR_Test -->
