<?xml version="1.0" encoding="UTF-8"?>
<!-- Generated by org.testng.reporters.JUnitReportReporter -->
<testsuite hostname="jmrinhr1883" name="com.jmr.testsuite.fas.action.st.STSCUSTD_Test" tests="1" failures="0" timestamp="21 Nov 2019 10:38:45 GMT" time="248.089" errors="0">
  <testcase name="executeTestCase" time="248.089" classname="com.jmr.testsuite.fas.action.st.STSCUSTD_Test"/>
</testsuite> <!-- com.jmr.testsuite.fas.action.st.STSCUSTD_Test -->
