<?xml version="1.0" encoding="UTF-8"?>
<!-- Generated by org.testng.reporters.JUnitReportReporter -->
<testsuite hostname="jmrinhr1883" name="com.jmr.testsuite.fas.action.st.STDCUSBL_Test" tests="1" failures="0" timestamp="25 Nov 2019 11:30:21 GMT" time="56.464" errors="0">
  <testcase name="executeTestCase" time="56.464" classname="com.jmr.testsuite.fas.action.st.STDCUSBL_Test"/>
</testsuite> <!-- com.jmr.testsuite.fas.action.st.STDCUSBL_Test -->
