<?xml version="1.0" encoding="UTF-8"?>
<!-- Generated by org.testng.reporters.JUnitReportReporter -->
<testsuite hostname="jmrinhr1883" name="com.jmr.testsuite.fas.action.wb.CashDeposit_1401Test" tests="1" failures="0" timestamp="27 Nov 2019 05:58:16 GMT" time="63.294" errors="0">
  <testcase name="executeTestCase" time="63.294" classname="com.jmr.testsuite.fas.action.wb.CashDeposit_1401Test"/>
</testsuite> <!-- com.jmr.testsuite.fas.action.wb.CashDeposit_1401Test -->
