<?xml version="1.0" encoding="UTF-8"?>
<!-- Generated by org.testng.reporters.JUnitReportReporter -->
<testsuite hostname="jmrinhr1883" name="com.jmr.testsuite.fas.action.st.STDTDTOP_Test" tests="1" failures="0" timestamp="25 Nov 2019 13:46:17 GMT" time="410.314" errors="0">
  <testcase name="executeTestCase" time="410.314" classname="com.jmr.testsuite.fas.action.st.STDTDTOP_Test"/>
</testsuite> <!-- com.jmr.testsuite.fas.action.st.STDTDTOP_Test -->
