<?xml version="1.0" encoding="UTF-8"?>
<!-- Generated by org.testng.reporters.JUnitReportReporter -->
<testsuite hostname="jmrinhr1883" name="com.jmr.testsuite.fas.action.st.STSCIF_Test" tests="1" failures="0" timestamp="21 Nov 2019 10:21:52 GMT" time="639.336" errors="0">
  <testcase name="executeTestCase" time="639.336" classname="com.jmr.testsuite.fas.action.st.STSCIF_Test"/>
</testsuite> <!-- com.jmr.testsuite.fas.action.st.STSCIF_Test -->
