<?xml version="1.0" encoding="UTF-8"?>
<!-- Generated by org.testng.reporters.JUnitReportReporter -->
<testsuite hostname="jmrinhr1883" name="com.jmr.testsuite.fas.action.wb.TransferCashToVault_9008_Test" tests="1" failures="0" timestamp="15 Nov 2019 07:01:45 GMT" time="26.445" errors="0">
  <testcase name="executeTestCase" time="26.445" classname="com.jmr.testsuite.fas.action.wb.TransferCashToVault_9008_Test"/>
</testsuite> <!-- com.jmr.testsuite.fas.action.wb.TransferCashToVault_9008_Test -->
