<?xml version="1.0" encoding="UTF-8"?>
<!-- Generated by org.testng.reporters.JUnitReportReporter -->
<testsuite hostname="jmrinhr1883" name="com.jmr.testsuite.fas.action.st.DepositAccountBooking" tests="1" failures="0" timestamp="11 Sep 2019 13:17:45 GMT" time="132.453" errors="0">
  <testcase name="executeTestCase" time="132.453" classname="com.jmr.testsuite.fas.action.st.DepositAccountBooking"/>
</testsuite> <!-- com.jmr.testsuite.fas.action.st.DepositAccountBooking -->
