<?xml version="1.0" encoding="UTF-8"?>
<!-- Generated by org.testng.reporters.JUnitReportReporter -->
<testsuite hostname="jmrinhr1883" name="com.jmr.testsuite.sujeet.action.GEDFACLTTest" tests="1" failures="0" timestamp="4 Sep 2019 08:47:36 GMT" time="24.106" errors="0">
  <testcase name="executeTestCase" time="24.106" classname="com.jmr.testsuite.sujeet.action.GEDFACLTTest"/>
</testsuite> <!-- com.jmr.testsuite.sujeet.action.GEDFACLTTest -->
