<?xml version="1.0" encoding="UTF-8"?>
<!-- Generated by org.testng.reporters.JUnitReportReporter -->
<testsuite hostname="jmrinhr1883" name="com.jmr.testsuite.fas.action.wb.MiscellaneousCustDbt_1008Test" tests="1" failures="0" timestamp="10 Dec 2019 06:57:18 GMT" time="24.812" errors="0">
  <testcase name="executeTestCase" time="24.812" classname="com.jmr.testsuite.fas.action.wb.MiscellaneousCustDbt_1008Test"/>
</testsuite> <!-- com.jmr.testsuite.fas.action.wb.MiscellaneousCustDbt_1008Test -->
