<?xml version="1.0" encoding="UTF-8"?>
<!-- Generated by org.testng.reporters.JUnitReportReporter -->
<testsuite hostname="jmrinhr1883" name="com.jmr.testsuite.fas.action.cl.CLSACCNT_Test" tests="1" failures="0" timestamp="14 Nov 2019 07:20:18 GMT" time="397.841" errors="0">
  <testcase name="executeTestCase" time="397.841" classname="com.jmr.testsuite.fas.action.cl.CLSACCNT_Test"/>
</testsuite> <!-- com.jmr.testsuite.fas.action.cl.CLSACCNT_Test -->
