<?xml version="1.0" encoding="UTF-8"?>
<!-- Generated by org.testng.reporters.JUnitReportReporter -->
<testsuite hostname="jmrinhr1883" name="com.jmr.testsuite.fas.action.de.DESTLRON_Test" tests="1" failures="0" timestamp="13 Aug 2019 04:47:14 GMT" time="43.458" errors="0">
  <testcase name="executeTestCase" time="43.458" classname="com.jmr.testsuite.fas.action.de.DESTLRON_Test"/>
</testsuite> <!-- com.jmr.testsuite.fas.action.de.DESTLRON_Test -->
