<?xml version="1.0" encoding="UTF-8"?>
<!-- Generated by org.testng.reporters.JUnitReportReporter -->
<testsuite hostname="jmrinhr1883" name="com.jmr.testsuite.fas.action.st.AuthoriseScreen" tests="1" failures="0" timestamp="29 Aug 2019 09:41:33 GMT" time="7.953" errors="0">
  <testcase name="executeTestCase" time="7.953" classname="com.jmr.testsuite.fas.action.st.AuthoriseScreen"/>
</testsuite> <!-- com.jmr.testsuite.fas.action.st.AuthoriseScreen -->
