<?xml version="1.0" encoding="UTF-8"?>
<!-- Generated by org.testng.reporters.JUnitReportReporter -->
<testsuite hostname="jmrinhr1883" name="com.jmr.testsuite.fas.action.cl.CLSCMTVM_Test" tests="1" failures="0" timestamp="14 Nov 2019 06:31:22 GMT" time="405.527" errors="0">
  <testcase name="executeTestCase" time="405.527" classname="com.jmr.testsuite.fas.action.cl.CLSCMTVM_Test"/>
</testsuite> <!-- com.jmr.testsuite.fas.action.cl.CLSCMTVM_Test -->
