<?xml version="1.0" encoding="UTF-8"?>
<!-- Generated by org.testng.reporters.JUnitReportReporter -->
<testsuite hostname="jmrinhr1883" name="com.jmr.testsuite.fas.action.st.STSLOCHL_Test" tests="1" failures="0" timestamp="25 Nov 2019 05:15:26 GMT" time="165.268" errors="0">
  <testcase name="executeTestCase" time="165.268" classname="com.jmr.testsuite.fas.action.st.STSLOCHL_Test"/>
</testsuite> <!-- com.jmr.testsuite.fas.action.st.STSLOCHL_Test -->
