<?xml version="1.0" encoding="UTF-8"?>
<!-- Generated by org.testng.reporters.JUnitReportReporter -->
<testsuite hostname="jmrinhr1883" name="com.jmr.testsuite.fas.action.st.STDKYCMN_Test" tests="1" failures="0" timestamp="25 Nov 2019 09:45:48 GMT" time="32.093" errors="0">
  <testcase name="executeTestCase" time="32.093" classname="com.jmr.testsuite.fas.action.st.STDKYCMN_Test"/>
</testsuite> <!-- com.jmr.testsuite.fas.action.st.STDKYCMN_Test -->
