<?xml version="1.0" encoding="UTF-8"?>
<!-- Generated by org.testng.reporters.JUnitReportReporter -->
<testsuite hostname="jmrinhr1883" name="com.jmr.testsuite.fas.action.ac.ACDSCPQR_Test" tests="1" failures="0" timestamp="11 Nov 2019 10:16:19 GMT" time="15.822" errors="0">
  <testcase name="executeTestCase" time="15.822" classname="com.jmr.testsuite.fas.action.ac.ACDSCPQR_Test"/>
</testsuite> <!-- com.jmr.testsuite.fas.action.ac.ACDSCPQR_Test -->
