<?xml version="1.0" encoding="UTF-8"?>
<!-- Generated by org.testng.reporters.JUnitReportReporter -->
<testsuite hostname="jmrinhr1883" name="com.jmr.testsuite.fas.action.pc.PCSCNLEX_Test" tests="1" failures="0" timestamp="7 Aug 2019 07:06:41 GMT" time="16.957" errors="0">
  <testcase name="executeTestCase" time="16.957" classname="com.jmr.testsuite.fas.action.pc.PCSCNLEX_Test"/>
</testsuite> <!-- com.jmr.testsuite.fas.action.pc.PCSCNLEX_Test -->
