<?xml version="1.0" encoding="UTF-8"?>
<!-- Generated by org.testng.reporters.JUnitReportReporter -->
<testsuite hostname="jmrinhr1883" name="com.jmr.testsuite.fas.action.ic.ICSRATMA_Test" tests="1" failures="0" timestamp="8 Aug 2019 05:45:12 GMT" time="42.362" errors="0">
  <testcase name="executeTestCase" time="42.362" classname="com.jmr.testsuite.fas.action.ic.ICSRATMA_Test"/>
</testsuite> <!-- com.jmr.testsuite.fas.action.ic.ICSRATMA_Test -->
