<?xml version="1.0" encoding="UTF-8"?>
<!-- Generated by org.testng.reporters.JUnitReportReporter -->
<testsuite hostname="jmrinhr1883" name="com.jmr.testsuite.fas.action.st.STSCIFIS_Test" tests="1" failures="0" timestamp="25 Nov 2019 05:07:20 GMT" time="327.264" errors="0">
  <testcase name="executeTestCase" time="327.264" classname="com.jmr.testsuite.fas.action.st.STSCIFIS_Test"/>
</testsuite> <!-- com.jmr.testsuite.fas.action.st.STSCIFIS_Test -->
