<?xml version="1.0" encoding="UTF-8"?>
<!-- Generated by org.testng.reporters.JUnitReportReporter -->
<testsuite hostname="jmrinhr1883" name="com.jmr.testsuite.fas.action.wb.TransferCashFromVault_9007_Test" tests="1" failures="0" timestamp="21 Nov 2019 10:02:51 GMT" time="60.133" errors="0">
  <testcase name="executeTestCase" time="60.133" classname="com.jmr.testsuite.fas.action.wb.TransferCashFromVault_9007_Test"/>
</testsuite> <!-- com.jmr.testsuite.fas.action.wb.TransferCashFromVault_9007_Test -->
