<?xml version="1.0" encoding="UTF-8"?>
<!-- Generated by org.testng.reporters.JUnitReportReporter -->
<testsuite hostname="jmrinhr1883" name="com.jmr.testsuite.fas.action.cf.CFSRUMNE_Test" tests="1" failures="0" timestamp="8 Aug 2019 06:59:33 GMT" time="209.652" errors="0">
  <testcase name="executeTestCase" time="209.652" classname="com.jmr.testsuite.fas.action.cf.CFSRUMNE_Test"/>
</testsuite> <!-- com.jmr.testsuite.fas.action.cf.CFSRUMNE_Test -->
