<?xml version="1.0" encoding="UTF-8"?>
<!-- Generated by org.testng.reporters.JUnitReportReporter -->
<testsuite hostname="jmrinhr1883" name="com.jmr.testsuite.fas.action.pc.PCSCRXSD_Test" tests="1" failures="0" timestamp="7 Aug 2019 06:25:32 GMT" time="73.354" errors="0">
  <testcase name="executeTestCase" time="73.354" classname="com.jmr.testsuite.fas.action.pc.PCSCRXSD_Test"/>
</testsuite> <!-- com.jmr.testsuite.fas.action.pc.PCSCRXSD_Test -->
