<?xml version="1.0" encoding="UTF-8"?>
<!-- Generated by org.testng.reporters.JUnitReportReporter -->
<testsuite hostname="jmrinhr1883" name="com.jmr.testsuite.fas.action.cl.CLDACCNT_Test1" tests="1" failures="0" timestamp="17 Jan 2020 04:16:00 GMT" time="34.417" errors="0">
  <testcase name="executeTestCase" time="34.417" classname="com.jmr.testsuite.fas.action.cl.CLDACCNT_Test1"/>
</testsuite> <!-- com.jmr.testsuite.fas.action.cl.CLDACCNT_Test1 -->
