<?xml version="1.0" encoding="UTF-8"?>
<!-- Generated by org.testng.reporters.JUnitReportReporter -->
<testsuite hostname="jmrinhr1883" name="com.jmr.testsuite.fas.action.wb.OpenTellerBatch_9001Test" tests="1" failures="0" timestamp="20 Nov 2019 10:59:00 GMT" time="19.301" errors="0">
  <testcase name="executeTestCase" time="19.301" classname="com.jmr.testsuite.fas.action.wb.OpenTellerBatch_9001Test"/>
</testsuite> <!-- com.jmr.testsuite.fas.action.wb.OpenTellerBatch_9001Test -->
