<?xml version="1.0" encoding="UTF-8"?>
<!-- Generated by org.testng.reporters.JUnitReportReporter -->
<testsuite hostname="jmrinhr1883" name="com.jmr.testsuite.fas.action.st.STSSTDOR_Test" tests="1" failures="0" timestamp="25 Nov 2019 11:26:25 GMT" time="46.686" errors="0">
  <testcase name="executeTestCase" time="46.686" classname="com.jmr.testsuite.fas.action.st.STSSTDOR_Test"/>
</testsuite> <!-- com.jmr.testsuite.fas.action.st.STSSTDOR_Test -->
