<?xml version="1.0" encoding="UTF-8"?>
<!-- Generated by org.testng.reporters.JUnitReportReporter -->
<testsuite hostname="jmrinhr1883" name="com.jmr.testsuite.fas.action.st.STDCIF_Update_Test" tests="1" failures="0" timestamp="30 Aug 2019 06:40:55 GMT" time="18.994" errors="0">
  <testcase name="executeTestCase" time="18.994" classname="com.jmr.testsuite.fas.action.st.STDCIF_Update_Test"/>
</testsuite> <!-- com.jmr.testsuite.fas.action.st.STDCIF_Update_Test -->
