<?xml version="1.0" encoding="UTF-8"?>
<!-- Generated by org.testng.reporters.JUnitReportReporter -->
<testsuite hostname="jmrinhr1883" name="com.jmr.testcuite.fas.action.sw.SWSCDMNT_Test" tests="1" failures="0" timestamp="7 Aug 2019 05:42:22 GMT" time="65.123" errors="0">
  <testcase name="executeTestCase" time="65.123" classname="com.jmr.testcuite.fas.action.sw.SWSCDMNT_Test"/>
</testsuite> <!-- com.jmr.testcuite.fas.action.sw.SWSCDMNT_Test -->
