<?xml version="1.0" encoding="UTF-8"?>
<!-- Generated by org.testng.reporters.JUnitReportReporter -->
<testsuite hostname="jmrinhr1883" name="com.jmr.testsuite.fas.action.ac.ACDACTRN_Test" tests="1" failures="0" timestamp="11 Nov 2019 09:25:43 GMT" time="15.194" errors="0">
  <testcase name="executeTestCase" time="15.194" classname="com.jmr.testsuite.fas.action.ac.ACDACTRN_Test"/>
</testsuite> <!-- com.jmr.testsuite.fas.action.ac.ACDACTRN_Test -->
