<?xml version="1.0" encoding="UTF-8"?>
<!-- Generated by org.testng.reporters.JUnitReportReporter -->
<testsuite hostname="jmrinhr1883" name="com.jmr.testsuite.fas.action.st.STSTRNCD_Test" tests="1" failures="0" timestamp="25 Nov 2019 06:10:43 GMT" time="254.785" errors="0">
  <testcase name="executeTestCase" time="254.785" classname="com.jmr.testsuite.fas.action.st.STSTRNCD_Test"/>
</testsuite> <!-- com.jmr.testsuite.fas.action.st.STSTRNCD_Test -->
