<?xml version="1.0" encoding="UTF-8"?>
<!-- Generated by org.testng.reporters.JUnitReportReporter -->
<testsuite hostname="jmrinhr1883" name="com.jmr.testsuite.fas.action.mm.MMDTRONL_Test" tests="1" failures="0" timestamp="20 Nov 2019 10:30:13 GMT" time="31.686" errors="0">
  <testcase name="executeTestCase" time="31.686" classname="com.jmr.testsuite.fas.action.mm.MMDTRONL_Test"/>
</testsuite> <!-- com.jmr.testsuite.fas.action.mm.MMDTRONL_Test -->
