<?xml version="1.0" encoding="UTF-8"?>
<!-- Generated by org.testng.reporters.JUnitReportReporter -->
<testsuite hostname="jmrinhr1883" name="com.jmr.testsuite.fas.action.cl.CLDACCNT_Test" tests="1" failures="0" timestamp="23 Jan 2020 05:25:40 GMT" time="49.375" errors="0">
  <testcase name="executeTestCase" time="49.375" classname="com.jmr.testsuite.fas.action.cl.CLDACCNT_Test"/>
</testsuite> <!-- com.jmr.testsuite.fas.action.cl.CLDACCNT_Test -->
