<?xml version="1.0" encoding="UTF-8"?>
<!-- Generated by org.testng.reporters.JUnitReportReporter -->
<testsuite hostname="jmrinhr1883" name="com.jmr.testsuite.fas.action.st.STSAMBLK_Test" tests="1" failures="0" timestamp="21 Nov 2019 10:59:08 GMT" time="251.527" errors="0">
  <testcase name="executeTestCase" time="251.527" classname="com.jmr.testsuite.fas.action.st.STSAMBLK_Test"/>
</testsuite> <!-- com.jmr.testsuite.fas.action.st.STSAMBLK_Test -->
