<?xml version="1.0" encoding="UTF-8"?>
<!-- Generated by org.testng.reporters.JUnitReportReporter -->
<testsuite hostname="jmrinhr1883" name="com.jmr.testsuite.fas.action.cl.CLDADOCH_Test" tests="1" failures="0" timestamp="14 Nov 2019 07:08:44 GMT" time="133.875" errors="0">
  <testcase name="executeTestCase" time="133.875" classname="com.jmr.testsuite.fas.action.cl.CLDADOCH_Test"/>
</testsuite> <!-- com.jmr.testsuite.fas.action.cl.CLDADOCH_Test -->
