<?xml version="1.0" encoding="UTF-8"?>
<!-- Generated by org.testng.reporters.JUnitReportReporter -->
<testsuite hostname="jmrinhr1883" name="com.jmr.testsuite.fas.action.st.STSTDTOP_Test" tests="1" failures="0" timestamp="25 Nov 2019 06:24:30 GMT" time="436.869" errors="0">
  <testcase name="executeTestCase" time="436.869" classname="com.jmr.testsuite.fas.action.st.STSTDTOP_Test"/>
</testsuite> <!-- com.jmr.testsuite.fas.action.st.STSTDTOP_Test -->
