<?xml version="1.0" encoding="UTF-8"?>
<!-- Generated by org.testng.reporters.JUnitReportReporter -->
<testsuite hostname="jmrinhr1883" name="com.jmr.testcuite.fas.action.sw.SWSTRMID_Test" tests="1" failures="0" timestamp="7 Aug 2019 05:56:39 GMT" time="158.444" errors="0">
  <testcase name="executeTestCase" time="158.444" classname="com.jmr.testcuite.fas.action.sw.SWSTRMID_Test"/>
</testsuite> <!-- com.jmr.testcuite.fas.action.sw.SWSTRMID_Test -->
