<?xml version="1.0" encoding="UTF-8"?>
<!-- Generated by org.testng.reporters.JUnitReportReporter -->
<testsuite hostname="jmrinhr1883" name="com.jmr.testsuite.fas.action.st.STSKYCMN_Test" tests="1" failures="0" timestamp="21 Nov 2019 11:02:29 GMT" time="87.829" errors="0">
  <testcase name="executeTestCase" time="87.829" classname="com.jmr.testsuite.fas.action.st.STSKYCMN_Test"/>
</testsuite> <!-- com.jmr.testsuite.fas.action.st.STSKYCMN_Test -->
