<?xml version="1.0" encoding="UTF-8"?>
<!-- Generated by org.testng.reporters.JUnitReportReporter -->
<testsuite hostname="jmrinhr1883" name="com.jmr.testsuite.fas.action.pc.PCSECDIS_Test" tests="1" failures="0" timestamp="7 Aug 2019 06:39:59 GMT" time="123.069" errors="0">
  <testcase name="executeTestCase" time="123.069" classname="com.jmr.testsuite.fas.action.pc.PCSECDIS_Test"/>
</testsuite> <!-- com.jmr.testsuite.fas.action.pc.PCSECDIS_Test -->
