<?xml version="1.0" encoding="UTF-8"?>
<!-- Generated by org.testng.reporters.JUnitReportReporter -->
<testsuite hostname="jmrinhr1883" name="com.jmr.testsuite.fas.action.cl.AccountSummary_CLSACCNT_Test" tests="1" failures="0" timestamp="6 Aug 2019 06:47:25 GMT" time="67.889" errors="0">
  <testcase name="executeTestCase" time="67.889" classname="com.jmr.testsuite.fas.action.cl.AccountSummary_CLSACCNT_Test"/>
</testsuite> <!-- com.jmr.testsuite.fas.action.cl.AccountSummary_CLSACCNT_Test -->
