<?xml version="1.0" encoding="UTF-8"?>
<!-- Generated by org.testng.reporters.JUnitReportReporter -->
<testsuite hostname="jmrinhr2182" name="com.jmr.testsuite.fas.page.action.ACDABLQYTest" tests="2" failures="0" timestamp="25 Jun 2019 07:56:08 GMT" time="40.212" errors="0">
  <testcase name="init" time="7.796" classname="com.jmr.testsuite.fas.page.action.ACDABLQYTest"/>
  <testcase name="execute" time="32.416" classname="com.jmr.testsuite.fas.page.action.ACDABLQYTest"/>
</testsuite> <!-- com.jmr.testsuite.fas.page.action.ACDABLQYTest -->
