<?xml version="1.0" encoding="UTF-8"?>
<!-- Generated by org.testng.reporters.JUnitReportReporter -->
<testsuite hostname="jmrinhr1883" name="com.jmr.testsuite.sujeet.action.STDKYCMNTest" tests="1" failures="0" timestamp="9 Sep 2019 04:27:48 GMT" time="46.647" errors="0">
  <testcase name="executeTestCase" time="46.647" classname="com.jmr.testsuite.sujeet.action.STDKYCMNTest"/>
</testsuite> <!-- com.jmr.testsuite.sujeet.action.STDKYCMNTest -->
