<?xml version="1.0" encoding="UTF-8"?>
<!-- Generated by org.testng.reporters.JUnitReportReporter -->
<testsuite hostname="jmrinhr1883" name="com.jmr.testsuite.fas.action.st.STDCIF_Test" tests="1" failures="0" timestamp="25 Nov 2019 10:16:00 GMT" time="1375.511" errors="0">
  <testcase name="executeTestCase" time="1375.511" classname="com.jmr.testsuite.fas.action.st.STDCIF_Test"/>
</testsuite> <!-- com.jmr.testsuite.fas.action.st.STDCIF_Test -->
