<?xml version="1.0" encoding="UTF-8"?>
<!-- Generated by org.testng.reporters.JUnitReportReporter -->
<testsuite hostname="jmrinhr1883" name="com.jmr.testsuite.fas.action.cl.CLSMNDSB_Test" tests="1" failures="0" timestamp="14 Nov 2019 06:08:54 GMT" time="222.736" errors="0">
  <testcase name="executeTestCase" time="222.736" classname="com.jmr.testsuite.fas.action.cl.CLSMNDSB_Test"/>
</testsuite> <!-- com.jmr.testsuite.fas.action.cl.CLSMNDSB_Test -->
