<?xml version="1.0" encoding="UTF-8"?>
<!-- Generated by org.testng.reporters.JUnitReportReporter -->
<testsuite hostname="jmrinhr1883" name="com.jmr.testsuite.fas.action.de.DEDBTTOT_Test" tests="1" failures="0" timestamp="13 Aug 2019 07:34:46 GMT" time="14.463" errors="0">
  <testcase name="executeTestCase" time="14.463" classname="com.jmr.testsuite.fas.action.de.DEDBTTOT_Test"/>
</testsuite> <!-- com.jmr.testsuite.fas.action.de.DEDBTTOT_Test -->
