<?xml version="1.0" encoding="UTF-8"?>
<!-- Generated by org.testng.reporters.JUnitReportReporter -->
<testsuite hostname="jmrinhr1883" name="com.jmr.testsuite.fas.action.mm.MMDVAMIN_Test" tests="1" failures="0" timestamp="26 Nov 2019 04:38:15 GMT" time="481.079" errors="0">
  <testcase name="executeTestCase" time="481.079" classname="com.jmr.testsuite.fas.action.mm.MMDVAMIN_Test"/>
</testsuite> <!-- com.jmr.testsuite.fas.action.mm.MMDVAMIN_Test -->
