<?xml version="1.0" encoding="UTF-8"?>
<!-- Generated by org.testng.reporters.JUnitReportReporter -->
<testsuite hostname="jmrinhr1883" name="com.jmr.testsuite.fas.action.mm.MMSTRONL_Test" tests="1" failures="0" timestamp="19 Nov 2019 12:19:48 GMT" time="498.936" errors="0">
  <testcase name="executeTestCase" time="498.936" classname="com.jmr.testsuite.fas.action.mm.MMSTRONL_Test"/>
</testsuite> <!-- com.jmr.testsuite.fas.action.mm.MMSTRONL_Test -->
