<?xml version="1.0" encoding="UTF-8"?>
<!-- Generated by org.testng.reporters.JUnitReportReporter -->
<testsuite hostname="jmrinhr1883" name="com.jmr.testsuite.fas.action.wb.TellerTotal_TLTT_Test" tests="1" failures="0" timestamp="26 Nov 2019 12:36:34 GMT" time="31.516" errors="0">
  <testcase name="executeTestCase" time="31.516" classname="com.jmr.testsuite.fas.action.wb.TellerTotal_TLTT_Test"/>
</testsuite> <!-- com.jmr.testsuite.fas.action.wb.TellerTotal_TLTT_Test -->
