<?xml version="1.0" encoding="UTF-8"?>
<!-- Generated by org.testng.reporters.JUnitReportReporter -->
<testsuite hostname="jmrinhr2182" name="com.jmr.testsuite.fas.page.action.DEDACSTATest" tests="2" failures="0" timestamp="28 Jun 2019 06:27:54 GMT" time="84.831" errors="0">
  <testcase name="initSetup" time="19.631" classname="com.jmr.testsuite.fas.page.action.DEDACSTATest"/>
  <testcase name="executeTestCase" time="65.200" classname="com.jmr.testsuite.fas.page.action.DEDACSTATest"/>
</testsuite> <!-- com.jmr.testsuite.fas.page.action.DEDACSTATest -->
