<?xml version="1.0" encoding="UTF-8"?>
<!-- Generated by org.testng.reporters.JUnitReportReporter -->
<testsuite hostname="jmrinhr1883" name="com.jmr.testsuite.fas.page.de.DepositAccountBooking" tests="1" failures="0" timestamp="31 Jul 2019 11:58:32 GMT" time="131.685" errors="0">
  <testcase name="executeTestCase" time="131.685" classname="com.jmr.testsuite.fas.page.de.DepositAccountBooking"/>
</testsuite> <!-- com.jmr.testsuite.fas.page.de.DepositAccountBooking -->
