<?xml version="1.0" encoding="UTF-8"?>
<!-- Generated by org.testng.reporters.JUnitReportReporter -->
<testsuite hostname="jmrinhr1883" name="com.jmr.testsuite.sujeet.action.DEDTRONLTest" tests="1" failures="0" timestamp="4 Sep 2019 09:01:45 GMT" time="61.013" errors="0">
  <testcase name="executeTestCase" time="61.013" classname="com.jmr.testsuite.sujeet.action.DEDTRONLTest"/>
</testsuite> <!-- com.jmr.testsuite.sujeet.action.DEDTRONLTest -->
